<?xml version="1.0" encoding="UTF-8"?>
<!-- Generated by org.testng.reporters.JUnitXMLReporter -->
<testsuite ignored="0" hostname="Sondoss-iMac.local" failures="0" tests="5" name="Default test" time="23.575" errors="0" timestamp="2023-05-16T16:24:06 CDT">
  <testcase classname="com.acti.testcase.LoginPageTest" name="testActiImgisDisplayed" time="0.039"/>
  <testcase classname="com.acti.testcase.LoginPageTest" name="testForgotPasswordDisplayed" time="3.087"/>
  <testcase classname="com.acti.testcase.LoginPageTest" name="testLginFunction" time="0.17"/>
  <testcase classname="com.acti.testcase.LoginPageTest" name="testLoginInvalidCredentials" time="3.178"/>
  <testcase classname="com.acti.testcase.LoginPageTest" name="testLoginPageTitle" time="0.006"/>
</testsuite> <!-- Default test -->
