<?xml version="1.0" encoding="UTF-8"?>
<testng-results ignored="0" total="5" passed="5" failed="0" skipped="0">
  <reporter-output>
  </reporter-output>
  <suite started-at="2023-05-16T16:23:42 CDT" name="Default suite" finished-at="2023-05-16T16:24:06 CDT" duration-ms="23575">
    <groups>
    </groups>
    <test started-at="2023-05-16T16:23:42 CDT" name="Default test" finished-at="2023-05-16T16:24:06 CDT" duration-ms="23575">
      <class name="com.acti.testcase.LoginPageTest">
        <test-method is-config="true" signature="preTest()[pri:0, instance:com.acti.testcase.LoginPageTest@56cdfb3b]" started-at="2023-05-16T16:23:42 CDT" name="preTest" finished-at="2023-05-16T16:23:46 CDT" duration-ms="4089" status="PASS">
          <reporter-output>
          </reporter-output>
        </test-method> <!-- preTest -->
        <test-method signature="testActiImgisDisplayed()[pri:0, instance:com.acti.testcase.LoginPageTest@56cdfb3b]" started-at="2023-05-16T16:23:46 CDT" name="testActiImgisDisplayed" finished-at="2023-05-16T16:23:46 CDT" duration-ms="39" status="PASS">
          <reporter-output>
          </reporter-output>
        </test-method> <!-- testActiImgisDisplayed -->
        <test-method is-config="true" signature="tearDown()[pri:0, instance:com.acti.testcase.LoginPageTest@56cdfb3b]" started-at="2023-05-16T16:23:46 CDT" name="tearDown" finished-at="2023-05-16T16:23:47 CDT" duration-ms="127" status="PASS">
          <reporter-output>
          </reporter-output>
        </test-method> <!-- tearDown -->
        <test-method is-config="true" signature="preTest()[pri:0, instance:com.acti.testcase.LoginPageTest@56cdfb3b]" started-at="2023-05-16T16:23:47 CDT" name="preTest" finished-at="2023-05-16T16:23:50 CDT" duration-ms="3603" status="PASS">
          <reporter-output>
          </reporter-output>
        </test-method> <!-- preTest -->
        <test-method signature="testForgotPasswordDisplayed()[pri:0, instance:com.acti.testcase.LoginPageTest@56cdfb3b]" started-at="2023-05-16T16:23:50 CDT" name="testForgotPasswordDisplayed" finished-at="2023-05-16T16:23:53 CDT" duration-ms="3087" status="PASS">
          <reporter-output>
          </reporter-output>
        </test-method> <!-- testForgotPasswordDisplayed -->
        <test-method is-config="true" signature="tearDown()[pri:0, instance:com.acti.testcase.LoginPageTest@56cdfb3b]" started-at="2023-05-16T16:23:53 CDT" name="tearDown" finished-at="2023-05-16T16:23:53 CDT" duration-ms="110" status="PASS">
          <reporter-output>
          </reporter-output>
        </test-method> <!-- tearDown -->
        <test-method is-config="true" signature="preTest()[pri:0, instance:com.acti.testcase.LoginPageTest@56cdfb3b]" started-at="2023-05-16T16:23:53 CDT" name="preTest" finished-at="2023-05-16T16:23:56 CDT" duration-ms="2942" status="PASS">
          <reporter-output>
          </reporter-output>
        </test-method> <!-- preTest -->
        <test-method signature="testLginFunction()[pri:0, instance:com.acti.testcase.LoginPageTest@56cdfb3b]" started-at="2023-05-16T16:23:56 CDT" name="testLginFunction" finished-at="2023-05-16T16:23:56 CDT" duration-ms="170" status="PASS">
          <reporter-output>
          </reporter-output>
        </test-method> <!-- testLginFunction -->
        <test-method is-config="true" signature="tearDown()[pri:0, instance:com.acti.testcase.LoginPageTest@56cdfb3b]" started-at="2023-05-16T16:23:56 CDT" name="tearDown" finished-at="2023-05-16T16:23:57 CDT" duration-ms="127" status="PASS">
          <reporter-output>
          </reporter-output>
        </test-method> <!-- tearDown -->
        <test-method is-config="true" signature="preTest()[pri:0, instance:com.acti.testcase.LoginPageTest@56cdfb3b]" started-at="2023-05-16T16:23:57 CDT" name="preTest" finished-at="2023-05-16T16:23:59 CDT" duration-ms="2861" status="PASS">
          <reporter-output>
          </reporter-output>
        </test-method> <!-- preTest -->
        <test-method signature="testLoginInvalidCredentials()[pri:0, instance:com.acti.testcase.LoginPageTest@56cdfb3b]" started-at="2023-05-16T16:23:59 CDT" name="testLoginInvalidCredentials" finished-at="2023-05-16T16:24:03 CDT" duration-ms="3178" status="PASS">
          <reporter-output>
          </reporter-output>
        </test-method> <!-- testLoginInvalidCredentials -->
        <test-method is-config="true" signature="tearDown()[pri:0, instance:com.acti.testcase.LoginPageTest@56cdfb3b]" started-at="2023-05-16T16:24:03 CDT" name="tearDown" finished-at="2023-05-16T16:24:03 CDT" duration-ms="117" status="PASS">
          <reporter-output>
          </reporter-output>
        </test-method> <!-- tearDown -->
        <test-method is-config="true" signature="preTest()[pri:0, instance:com.acti.testcase.LoginPageTest@56cdfb3b]" started-at="2023-05-16T16:24:03 CDT" name="preTest" finished-at="2023-05-16T16:24:06 CDT" duration-ms="2969" status="PASS">
          <reporter-output>
          </reporter-output>
        </test-method> <!-- preTest -->
        <test-method signature="testLoginPageTitle()[pri:0, instance:com.acti.testcase.LoginPageTest@56cdfb3b]" started-at="2023-05-16T16:24:06 CDT" name="testLoginPageTitle" finished-at="2023-05-16T16:24:06 CDT" duration-ms="6" status="PASS">
          <reporter-output>
          </reporter-output>
        </test-method> <!-- testLoginPageTitle -->
        <test-method is-config="true" signature="tearDown()[pri:0, instance:com.acti.testcase.LoginPageTest@56cdfb3b]" started-at="2023-05-16T16:24:06 CDT" name="tearDown" finished-at="2023-05-16T16:24:06 CDT" duration-ms="118" status="PASS">
          <reporter-output>
          </reporter-output>
        </test-method> <!-- tearDown -->
      </class> <!-- com.acti.testcase.LoginPageTest -->
    </test> <!-- Default test -->
  </suite> <!-- Default suite -->
</testng-results>
